-------------------------------------------------------------------------------
Test set: com.njwt.common.CommonApplicationTests
-------------------------------------------------------------------------------
Tests run: 1, Failures: 0, Errors: 1, Skipped: 0, Time elapsed: 0.32 s <<< FAILURE! - in com.njwt.common.CommonApplicationTests
initializationError(com.njwt.common.CommonApplicationTests)  Time elapsed: 0.007 s  <<< ERROR!
java.lang.IllegalStateException: Unable to find a @SpringBootConfiguration, you need to use @ContextConfiguration or @SpringBootTest(classes=...) with your test

